<?xml version="1.0"?><coverage lines-covered="1645" lines-valid="4082" line-rate="0.40298873101420873" branches-covered="0" branches-valid="0" branch-rate="0" complexity="0" version="1.9" timestamp="1773307329"><sources><source>/home/ajit/Documents/dotenv-space-cli</source></sources><packages><package name="src/commands/doctor" line-rate="0.0718232044198895" branch-rate="0" complexity="0"><classes><class name="runner" filename="src/commands/doctor/runner.rs" line-rate="0.07692307692307693" branch-rate="0" complexity="0"><methods/><lines><line number="54" hits="0"/><line number="55" hits="0"/><line number="58" hits="0"/><line number="59" hits="0"/><line number="63" hits="0"/><line number="64" hits="0"/><line number="67" hits="0"/><line number="68" hits="0"/><line number="70" hits="0"/><line number="78" hits="0"/><line number="80" hits="0"/><line number="82" hits="0"/><line number="83" hits="0"/><line number="85" hits="0"/><line number="88" hits="0"/><line number="89" hits="0"/><line number="90" hits="0"/><line number="91" hits="0"/><line number="95" hits="0"/><line number="96" hits="0"/><line number="97" hits="0"/><line number="100" hits="0"/><line number="101" hits="0"/><line number="102" hits="0"/><line number="103" hits="0"/><line number="104" hits="0"/><line number="105" hits="0"/><line number="106" hits="0"/><line number="112" hits="0"/><line number="113" hits="0"/><line number="116" hits="0"/><line number="120" hits="0"/><line number="123" hits="0"/><line number="124" hits="0"/><line number="128" hits="0"/><line number="129" hits="0"/><line number="132" hits="0"/><line number="139" hits="0"/><line number="141" hits="0"/><line number="142" hits="0"/><line number="143" hits="0"/><line number="144" hits="0"/><line number="147" hits="0"/><line number="148" hits="0"/><line number="149" hits="0"/><line number="152" hits="0"/><line number="153" hits="0"/><line number="154" hits="0"/><line number="155" hits="0"/><line number="156" hits="0"/><line number="161" hits="0"/><line number="162" hits="0"/><line number="166" hits="0"/><line number="168" hits="0"/><line number="171" hits="0"/><line number="172" hits="0"/><line number="175" hits="0"/><line number="190" hits="0"/><line number="191" hits="0"/><line number="192" hits="0"/><line number="193" hits="0"/><line number="194" hits="0"/><line number="195" hits="0"/><line number="196" hits="0"/><line number="208" hits="0"/><line number="211" hits="0"/><line number="215" hits="0"/><line number="216" hits="0"/><line number="218" hits="0"/><line number="219" hits="0"/><line number="220" hits="0"/><line number="221" hits="0"/><line number="223" hits="0"/><line number="230" hits="0"/><line number="231" hits="0"/><line number="234" hits="0"/><line number="235" hits="0"/><line number="237" hits="0"/><line number="238" hits="0"/><line number="239" hits="0"/><line number="240" hits="0"/><line number="241" hits="0"/><line number="245" hits="0"/><line number="246" hits="0"/><line number="248" hits="0"/><line number="249" hits="0"/><line number="250" hits="0"/><line number="252" hits="0"/><line number="256" hits="0"/><line number="257" hits="0"/><line number="258" hits="0"/><line number="259" hits="0"/><line number="260" hits="0"/><line number="261" hits="0"/><line number="263" hits="0"/><line number="265" hits="0"/><line number="272" hits="0"/><line number="273" hits="0"/><line number="275" hits="0"/><line number="276" hits="0"/><line number="277" hits="0"/><line number="278" hits="0"/><line number="280" hits="0"/><line number="282" hits="0"/><line number="289" hits="0"/><line number="292" hits="0"/><line number="296" hits="0"/><line number="297" hits="0"/><line number="299" hits="0"/><line number="300" hits="0"/><line number="301" hits="0"/><line number="302" hits="0"/><line number="304" hits="0"/><line number="311" hits="0"/><line number="312" hits="0"/><line number="314" hits="0"/><line number="320" hits="0"/><line number="323" hits="0"/><line number="324" hits="0"/><line number="325" hits="0"/><line number="326" hits="0"/><line number="328" hits="0"/><line number="334" hits="0"/><line number="335" hits="0"/><line number="336" hits="0"/><line number="338" hits="0"/><line number="339" hits="0"/><line number="341" hits="0"/><line number="351" hits="0"/><line number="353" hits="0"/><line number="354" hits="0"/><line number="356" hits="0"/><line number="363" hits="0"/><line number="366" hits="0"/><line number="370" hits="0"/><line number="371" hits="0"/><line number="372" hits="0"/><line number="373" hits="0"/><line number="374" hits="0"/><line number="376" hits="0"/><line number="377" hits="0"/><line number="378" hits="0"/><line number="379" hits="0"/><line number="380" hits="0"/><line number="381" hits="0"/><line number="382" hits="0"/><line number="383" hits="0"/><line number="384" hits="0"/><line number="386" hits="0"/><line number="387" hits="0"/><line number="389" hits="0"/><line number="390" hits="0"/><line number="391" hits="0"/><line number="392" hits="0"/><line number="394" hits="0"/><line number="395" hits="0"/><line number="396" hits="0"/><line number="397" hits="0"/><line number="400" hits="0"/><line number="402" hits="0"/><line number="404" hits="0"/><line number="405" hits="0"/><line number="406" hits="0"/><line number="410" hits="0"/><line number="411" hits="0"/><line number="414" hits="0"/><line number="415" hits="0"/><line number="416" hits="0"/><line number="417" hits="0"/><line number="418" hits="0"/><line number="419" hits="0"/><line number="421" hits="0"/><line number="434" hits="0"/><line number="437" hits="0"/><line number="441" hits="0"/><line number="442" hits="0"/><line number="453" hits="0"/><line number="456" hits="0"/><line number="457" hits="0"/><line number="458" hits="0"/><line number="459" hits="0"/><line number="461" hits="0"/><line number="467" hits="0"/><line number="468" hits="0"/><line number="469" hits="0"/><line number="471" hits="0"/><line number="472" hits="0"/><line number="474" hits="0"/><line number="488" hits="0"/><line number="491" hits="0"/><line number="495" hits="0"/><line number="496" hits="0"/><line number="498" hits="0"/><line number="499" hits="0"/><line number="500" hits="0"/><line number="501" hits="0"/><line number="503" hits="0"/><line number="513" hits="0"/><line number="514" hits="0"/><line number="515" hits="0"/><line number="516" hits="0"/><line number="518" hits="0"/><line number="519" hits="0"/><line number="520" hits="0"/><line number="521" hits="0"/><line number="523" hits="0"/><line number="524" hits="0"/><line number="526" hits="0"/><line number="533" hits="0"/><line number="534" hits="0"/><line number="535" hits="0"/><line number="537" hits="0"/><line number="544" hits="0"/><line number="545" hits="0"/><line number="546" hits="0"/><line number="548" hits="0"/><line number="576" hits="0"/><line number="579" hits="0"/><line number="580" hits="0"/><line number="581" hits="0"/><line number="584" hits="0"/><line number="585" hits="0"/><line number="586" hits="0"/><line number="587" hits="0"/><line number="589" hits="0"/><line number="590" hits="0"/><line number="592" hits="0"/><line number="599" hits="0"/><line number="600" hits="0"/><line number="601" hits="0"/><line number="603" hits="0"/><line number="609" hits="0"/><line number="612" hits="1"/><line number="613" hits="1"/><line number="614" hits="2"/><line number="615" hits="0"/><line number="618" hits="2"/><line number="620" hits="2"/><line number="621" hits="1"/><line number="622" hits="1"/><line number="623" hits="1"/><line number="624" hits="3"/><line number="629" hits="0"/><line number="630" hits="0"/><line number="631" hits="0"/><line number="632" hits="0"/><line number="633" hits="0"/><line number="637" hits="0"/><line number="640" hits="0"/><line number="642" hits="0"/><line number="645" hits="1"/><line number="646" hits="1"/><line number="649" hits="4"/><line number="652" hits="4"/><line number="653" hits="4"/><line number="654" hits="1"/><line number="655" hits="1"/><line number="657" hits="1"/><line number="659" hits="2"/><line number="663" hits="1"/><line number="666" hits="1"/><line number="668" hits="1"/><line number="669" hits="1"/><line number="670" hits="0"/><line number="671" hits="0"/><line number="672" hits="0"/><line number="674" hits="0"/><line number="676" hits="1"/><line number="677" hits="0"/><line number="679" hits="1"/><line number="680" hits="0"/><line number="682" hits="2"/><line number="683" hits="1"/><line number="686" hits="0"/><line number="687" hits="0"/><line number="689" hits="0"/><line number="690" hits="0"/><line number="692" hits="0"/><line number="693" hits="0"/><line number="695" hits="0"/><line number="696" hits="0"/><line number="698" hits="0"/><line number="701" hits="0"/><line number="702" hits="0"/><line number="703" hits="0"/><line number="704" hits="0"/><line number="705" hits="0"/><line number="706" hits="0"/><line number="707" hits="0"/><line number="708" hits="0"/><line number="709" hits="0"/><line number="713" hits="0"/><line number="714" hits="0"/><line number="715" hits="0"/><line number="716" hits="0"/><line number="717" hits="0"/><line number="720" hits="0"/><line number="721" hits="0"/><line number="722" hits="0"/><line number="723" hits="0"/><line number="725" hits="0"/><line number="726" hits="0"/><line number="727" hits="0"/><line number="730" hits="0"/><line number="733" hits="0"/><line number="734" hits="0"/><line number="735" hits="0"/><line number="745" hits="0"/><line number="747" hits="0"/><line number="753" hits="0"/><line number="754" hits="0"/><line number="755" hits="0"/><line number="756" hits="0"/><line number="760" hits="0"/><line number="763" hits="0"/><line number="764" hits="0"/><line number="766" hits="0"/><line number="767" hits="0"/><line number="773" hits="0"/><line number="774" hits="0"/><line number="780" hits="0"/><line number="781" hits="0"/><line number="784" hits="0"/><line number="785" hits="0"/><line number="786" hits="0"/><line number="787" hits="0"/><line number="789" hits="0"/><line number="791" hits="0"/><line number="794" hits="0"/><line number="795" hits="0"/><line number="797" hits="0"/><line number="799" hits="0"/><line number="801" hits="0"/><line number="802" hits="0"/><line number="804" hits="0"/><line number="806" hits="0"/><line number="807" hits="0"/><line number="808" hits="0"/></lines></class><class name="types" filename="src/commands/doctor/types.rs" line-rate="0" branch-rate="0" complexity="0"><methods/><lines><line number="27" hits="0"/><line number="28" hits="0"/><line number="29" hits="0"/><line number="30" hits="0"/><line number="31" hits="0"/><line number="32" hits="0"/><line number="36" hits="0"/><line number="38" hits="0"/><line number="39" hits="0"/><line number="40" hits="0"/><line number="41" hits="0"/><line number="42" hits="0"/><line number="84" hits="0"/><line number="85" hits="0"/><line number="90" hits="0"/><line number="102" hits="0"/><line number="103" hits="0"/><line number="104" hits="0"/><line number="105" hits="0"/><line number="106" hits="0"/><line number="107" hits="0"/><line number="108" hits="0"/><line number="110" hits="0"/><line number="111" hits="0"/></lines></class></classes></package><package name="benches" line-rate="0" branch-rate="0" complexity="0"><classes></classes></package><package name="src/commands/migrate" line-rate="0.3704600484261501" branch-rate="0" complexity="0"><classes><class name="destination" filename="src/commands/migrate/destination.rs" line-rate="0" branch-rate="0" complexity="0"><methods/><lines><line number="27" hits="0"/><line number="29" hits="0"/><line number="30" hits="0"/><line number="31" hits="0"/><line number="32" hits="0"/><line number="34" hits="0"/><line number="35" hits="0"/><line number="36" hits="0"/><line number="37" hits="0"/></lines></class><class name="filtering" filename="src/commands/migrate/filtering.rs" line-rate="1" branch-rate="0" complexity="0"><methods/><lines><line number="48" hits="2"/><line number="55" hits="3"/><line number="57" hits="12"/><line number="59" hits="5"/><line number="60" hits="12"/><line number="66" hits="4"/><line number="67" hits="4"/><line number="73" hits="4"/><line number="75" hits="2"/><line number="76" hits="6"/><line number="77" hits="2"/><line number="81" hits="4"/><line number="82" hits="2"/><line number="85" hits="2"/><line number="88" hits="2"/><line number="96" hits="2"/><line number="97" hits="2"/><line number="100" hits="2"/><line number="101" hits="5"/><line number="105" hits="4"/><line number="106" hits="2"/><line number="108" hits="5"/><line number="109" hits="2"/><line number="111" hits="2"/><line number="113" hits="1"/><line number="114" hits="5"/><line number="115" hits="2"/></lines></class><class name="mod" filename="src/commands/migrate/mod.rs" line-rate="0" branch-rate="0" complexity="0"><methods/><lines><line number="75" hits="0"/><line number="76" hits="0"/><line number="77" hits="0"/><line number="80" hits="0"/><line number="83" hits="0"/><line number="84" hits="0"/><line number="87" hits="0"/><line number="89" hits="0"/><line number="97" hits="0"/><line number="98" hits="0"/><line number="99" hits="0"/><line number="105" hits="0"/><line number="106" hits="0"/><line number="107" hits="0"/><line number="108" hits="0"/><line number="111" hits="0"/><line number="112" hits="0"/><line number="120" hits="0"/><line number="121" hits="0"/><line number="125" hits="0"/><line number="130" hits="0"/><line number="131" hits="0"/><line number="132" hits="0"/><line number="133" hits="0"/><line number="134" hits="0"/><line number="135" hits="0"/><line number="136" hits="0"/><line number="137" hits="0"/><line number="138" hits="0"/><line number="139" hits="0"/><line number="140" hits="0"/><line number="141" hits="0"/><line number="142" hits="0"/><line number="143" hits="0"/><line number="144" hits="0"/><line number="145" hits="0"/><line number="146" hits="0"/><line number="151" hits="0"/><line number="152" hits="0"/><line number="154" hits="0"/><line number="155" hits="0"/><line number="156" hits="0"/><line number="159" hits="0"/><line number="164" hits="0"/><line number="165" hits="0"/><line number="169" hits="0"/><line number="173" hits="0"/><line number="181" hits="0"/><line number="182" hits="0"/><line number="189" hits="0"/><line number="190" hits="0"/><line number="192" hits="0"/><line number="196" hits="0"/><line number="201" hits="0"/><line number="202" hits="0"/><line number="203" hits="0"/><line number="204" hits="0"/><line number="206" hits="0"/><line number="210" hits="0"/></lines></class><class name="sources" filename="src/commands/migrate/sources.rs" line-rate="0.9444444444444444" branch-rate="0" complexity="0"><methods/><lines><line number="22" hits="3"/><line number="23" hits="3"/><line number="24" hits="0"/><line number="28" hits="5"/><line number="29" hits="1"/><line number="30" hits="2"/><line number="31" hits="1"/><line number="32" hits="1"/><line number="33" hits="1"/><line number="35" hits="2"/><line number="36" hits="1"/><line number="37" hits="4"/><line number="38" hits="2"/><line number="39" hits="2"/><line number="42" hits="1"/><line number="44" hits="2"/><line number="53" hits="1"/><line number="54" hits="1"/></lines></class></classes></package><package name="src/templates" line-rate="0" branch-rate="0" complexity="0"><classes></classes></package><package name="backup-code" line-rate="0" branch-rate="0" complexity="0"><classes><class name="sync-backup-working-2" filename="backup-code/sync-backup-working-2.rs" line-rate="0" branch-rate="0" complexity="0"><methods/><lines><line number="89" hits="0"/><line number="90" hits="0"/><line number="91" hits="0"/><line number="229" hits="0"/><line number="230" hits="0"/><line number="231" hits="0"/><line number="234" hits="0"/><line number="238" hits="0"/><line number="241" hits="0"/><line number="245" hits="0"/><line number="246" hits="0"/><line number="247" hits="0"/><line number="251" hits="0"/></lines></class></classes></package><package name="src/utils" line-rate="0.4755043227665706" branch-rate="0" complexity="0"><classes><class name="dotenv_validation" filename="src/utils/dotenv_validation.rs" line-rate="0.9523809523809523" branch-rate="0" complexity="0"><methods/><lines><line number="16" hits="4"/><line number="17" hits="4"/><line number="18" hits="1"/><line number="21" hits="3"/><line number="22" hits="3"/><line number="23" hits="5"/><line number="24" hits="3"/><line number="26" hits="1"/><line number="27" hits="7"/><line number="28" hits="2"/><line number="29" hits="5"/><line number="31" hits="1"/><line number="34" hits="8"/><line number="35" hits="6"/><line number="36" hits="0"/><line number="38" hits="12"/><line number="40" hits="1"/><line number="46" hits="1"/><line number="49" hits="4"/><line number="50" hits="3"/><line number="51" hits="3"/></lines></class><class name="file_ops" filename="src/utils/file_ops.rs" line-rate="0" branch-rate="0" complexity="0"><methods/><lines><line number="5" hits="0"/><line number="6" hits="0"/><line number="7" hits="0"/><line number="8" hits="0"/><line number="10" hits="0"/><line number="14" hits="0"/><line number="15" hits="0"/><line number="16" hits="0"/><line number="19" hits="0"/><line number="20" hits="0"/><line number="22" hits="0"/><line number="26" hits="0"/><line number="27" hits="0"/><line number="28" hits="0"/><line number="34" hits="0"/><line number="37" hits="0"/><line number="38" hits="0"/><line number="40" hits="0"/><line number="41" hits="0"/><line number="43" hits="0"/></lines></class><class name="file_permissions" filename="src/utils/file_permissions.rs" line-rate="0" branch-rate="0" complexity="0"><methods/><lines><line number="11" hits="0"/><line number="17" hits="0"/><line number="22" hits="0"/><line number="23" hits="0"/><line number="29" hits="0"/><line number="32" hits="0"/></lines></class><class name="fs" filename="src/utils/fs.rs" line-rate="0.6470588235294118" branch-rate="0" complexity="0"><methods/><lines><line number="31" hits="1"/><line number="34" hits="1"/><line number="35" hits="3"/><line number="52" hits="1"/><line number="55" hits="1"/><line number="56" hits="1"/><line number="57" hits="1"/><line number="58" hits="1"/><line number="78" hits="1"/><line number="79" hits="1"/><line number="80" hits="1"/><line number="81" hits="1"/><line number="93" hits="2"/><line number="94" hits="2"/><line number="96" hits="4"/><line number="110" hits="1"/><line number="113" hits="1"/><line number="114" hits="1"/><line number="116" hits="5"/><line number="117" hits="2"/><line number="118" hits="4"/><line number="121" hits="2"/><line number="136" hits="0"/><line number="139" hits="0"/><line number="141" hits="0"/><line number="142" hits="0"/><line number="143" hits="0"/><line number="144" hits="0"/><line number="146" hits="0"/><line number="147" hits="0"/><line number="148" hits="0"/><line number="149" hits="0"/><line number="150" hits="0"/><line number="155" hits="0"/></lines></class><class name="git" filename="src/utils/git.rs" line-rate="0.15384615384615385" branch-rate="0" complexity="0"><methods/><lines><line number="28" hits="1"/><line number="29" hits="1"/><line number="30" hits="1"/><line number="32" hits="0"/><line number="33" hits="0"/><line number="36" hits="3"/><line number="37" hits="1"/><line number="38" hits="1"/><line number="46" hits="0"/><line number="49" hits="0"/><line number="54" hits="0"/><line number="55" hits="0"/><line number="57" hits="0"/><line number="65" hits="0"/><line number="66" hits="0"/><line number="67" hits="0"/><line number="69" hits="0"/><line number="82" hits="0"/><line number="83" hits="0"/><line number="84" hits="0"/><line number="87" hits="0"/><line number="88" hits="0"/><line number="90" hits="0"/><line number="94" hits="0"/><line number="95" hits="0"/><line number="96" hits="0"/><line number="97" hits="0"/><line number="98" hits="0"/><line number="99" hits="0"/><line number="108" hits="0"/><line number="109" hits="0"/><line number="110" hits="0"/><line number="113" hits="0"/><line number="114" hits="0"/><line number="117" hits="0"/><line number="125" hits="0"/><line number="126" hits="0"/><line number="127" hits="0"/><line number="129" hits="0"/></lines></class><class name="patterns" filename="src/utils/patterns.rs" line-rate="0.4396551724137931" branch-rate="0" complexity="0"><methods/><lines><line number="27" hits="0"/><line number="28" hits="0"/><line number="29" hits="0"/><line number="30" hits="0"/><line number="31" hits="0"/><line number="38" hits="1"/><line number="41" hits="1"/><line number="44" hits="1"/><line number="47" hits="1"/><line number="50" hits="1"/><line number="53" hits="1"/><line number="56" hits="1"/><line number="59" hits="1"/><line number="62" hits="1"/><line number="65" hits="0"/><line number="68" hits="1"/><line number="72" hits="0"/><line number="73" hits="0"/><line number="74" hits="0"/><line number="75" hits="0"/><line number="76" hits="0"/><line number="78" hits="0"/><line number="80" hits="0"/><line number="81" hits="0"/><line number="82" hits="0"/><line number="84" hits="0"/><line number="86" hits="0"/><line number="87" hits="0"/><line number="88" hits="0"/><line number="90" hits="0"/><line number="92" hits="0"/><line number="93" hits="0"/><line number="94" hits="0"/><line number="96" hits="0"/><line number="98" hits="0"/><line number="99" hits="0"/><line number="100" hits="0"/><line number="102" hits="0"/><line number="104" hits="0"/><line number="105" hits="0"/><line number="106" hits="0"/><line number="108" hits="0"/><line number="110" hits="0"/><line number="111" hits="0"/><line number="112" hits="0"/><line number="114" hits="0"/><line number="116" hits="0"/><line number="117" hits="0"/><line number="118" hits="0"/><line number="120" hits="0"/><line number="131" hits="1"/><line number="132" hits="1"/><line number="133" hits="0"/><line number="136" hits="1"/><line number="137" hits="3"/><line number="138" hits="2"/><line number="141" hits="1"/><line number="142" hits="1"/><line number="144" hits="2"/><line number="145" hits="1"/><line number="146" hits="2"/><line number="149" hits="1"/><line number="153" hits="1"/><line number="154" hits="1"/><line number="155" hits="1"/><line number="171" hits="4"/><line number="172" hits="1"/><line number="186" hits="4"/><line number="187" hits="1"/><line number="190" hits="1"/><line number="193" hits="1"/><line number="204" hits="1"/><line number="205" hits="4"/><line number="211" hits="1"/><line number="213" hits="1"/><line number="214" hits="1"/><line number="218" hits="1"/><line number="219" hits="1"/><line number="220" hits="1"/><line number="222" hits="2"/><line number="228" hits="1"/><line number="229" hits="0"/><line number="231" hits="0"/><line number="232" hits="0"/><line number="233" hits="0"/><line number="234" hits="0"/><line number="236" hits="0"/><line number="241" hits="1"/><line number="242" hits="1"/><line number="243" hits="1"/><line number="245" hits="2"/><line number="249" hits="1"/><line number="250" hits="0"/><line number="251" hits="0"/><line number="253" hits="0"/><line number="257" hits="3"/><line number="258" hits="0"/><line number="259" hits="0"/><line number="261" hits="0"/><line number="265" hits="1"/><line number="266" hits="0"/><line number="267" hits="0"/><line number="269" hits="0"/><line number="273" hits="1"/><line number="274" hits="0"/><line number="275" hits="0"/><line number="277" hits="0"/><line number="281" hits="1"/><line number="282" hits="0"/><line number="286" hits="1"/><line number="287" hits="0"/><line number="288" hits="0"/><line number="289" hits="0"/><line number="290" hits="0"/><line number="292" hits="0"/><line number="297" hits="1"/></lines></class><class name="string" filename="src/utils/string.rs" line-rate="1" branch-rate="0" complexity="0"><methods/><lines><line number="18" hits="1"/><line number="19" hits="1"/><line number="20" hits="1"/><line number="22" hits="1"/><line number="41" hits="3"/><line number="42" hits="3"/><line number="43" hits="2"/><line number="45" hits="1"/><line number="58" hits="1"/><line number="59" hits="1"/><line number="60" hits="1"/><line number="62" hits="1"/></lines></class><class name="ui" filename="src/utils/ui.rs" line-rate="0.5454545454545454" branch-rate="0" complexity="0"><methods/><lines><line number="95" hits="1"/><line number="96" hits="1"/><line number="97" hits="1"/><line number="100" hits="4"/><line number="106" hits="1"/><line number="107" hits="2"/><line number="108" hits="2"/><line number="112" hits="2"/><line number="136" hits="1"/><line number="137" hits="1"/><line number="138" hits="1"/><line number="140" hits="4"/><line number="145" hits="1"/><line number="146" hits="2"/><line number="147" hits="2"/><line number="150" hits="1"/><line number="171" hits="1"/><line number="172" hits="1"/><line number="176" hits="1"/><line number="177" hits="1"/><line number="202" hits="1"/><line number="203" hits="1"/><line number="207" hits="1"/><line number="208" hits="2"/><line number="209" hits="1"/><line number="218" hits="0"/><line number="219" hits="0"/><line number="233" hits="0"/><line number="234" hits="0"/><line number="246" hits="2"/><line number="247" hits="4"/><line number="255" hits="1"/><line number="256" hits="2"/><line number="264" hits="4"/><line number="265" hits="8"/><line number="273" hits="2"/><line number="274" hits="4"/><line number="282" hits="0"/><line number="283" hits="0"/><line number="318" hits="1"/><line number="319" hits="1"/><line number="320" hits="2"/><line number="321" hits="2"/><line number="322" hits="2"/><line number="323" hits="2"/><line number="324" hits="2"/><line number="326" hits="2"/><line number="327" hits="2"/><line number="351" hits="0"/><line number="352" hits="0"/><line number="353" hits="0"/><line number="354" hits="0"/><line number="355" hits="0"/><line number="356" hits="0"/><line number="358" hits="0"/><line number="359" hits="0"/><line number="360" hits="0"/><line number="384" hits="0"/><line number="385" hits="0"/><line number="387" hits="0"/><line number="413" hits="0"/><line number="414" hits="0"/><line number="415" hits="0"/><line number="416" hits="0"/><line number="430" hits="2"/><line number="431" hits="2"/><line number="432" hits="6"/><line number="433" hits="2"/><line number="436" hits="2"/><line number="440" hits="2"/><line number="441" hits="2"/><line number="443" hits="2"/><line number="446" hits="2"/><line number="465" hits="1"/><line number="467" hits="2"/><line number="468" hits="1"/><line number="472" hits="0"/><line number="490" hits="0"/><line number="491" hits="0"/><line number="493" hits="0"/><line number="523" hits="0"/><line number="524" hits="0"/><line number="525" hits="0"/><line number="528" hits="0"/><line number="534" hits="0"/><line number="535" hits="0"/><line number="536" hits="0"/><line number="540" hits="0"/><line number="557" hits="0"/><line number="558" hits="0"/><line number="574" hits="0"/><line number="575" hits="0"/><line number="585" hits="0"/><line number="587" hits="0"/><line number="588" hits="0"/><line number="590" hits="0"/><line number="591" hits="0"/><line number="592" hits="0"/><line number="594" hits="0"/></lines></class></classes></package><package name="src/commands/scan" line-rate="0.47280334728033474" branch-rate="0" complexity="0"><classes><class name="detector" filename="src/commands/scan/detector.rs" line-rate="0.2903225806451613" branch-rate="0" complexity="0"><methods/><lines><line number="189" hits="0"/><line number="190" hits="0"/><line number="258" hits="1"/><line number="260" hits="1"/><line number="263" hits="1"/><line number="265" hits="1"/><line number="283" hits="1"/><line number="284" hits="1"/><line number="301" hits="0"/><line number="302" hits="0"/><line number="304" hits="0"/><line number="321" hits="0"/><line number="322" hits="0"/><line number="324" hits="0"/><line number="331" hits="1"/><line number="332" hits="1"/><line number="337" hits="0"/><line number="338" hits="0"/><line number="351" hits="1"/><line number="355" hits="0"/><line number="356" hits="0"/><line number="357" hits="0"/><line number="358" hits="0"/><line number="359" hits="0"/><line number="360" hits="0"/><line number="364" hits="0"/><line number="365" hits="0"/><line number="366" hits="0"/><line number="367" hits="0"/><line number="368" hits="0"/><line number="369" hits="0"/></lines></class><class name="filters" filename="src/commands/scan/filters.rs" line-rate="0.9090909090909091" branch-rate="0" complexity="0"><methods/><lines><line number="70" hits="1"/><line number="73" hits="4"/><line number="74" hits="4"/><line number="78" hits="1"/><line number="98" hits="1"/><line number="99" hits="1"/><line number="101" hits="2"/><line number="102" hits="2"/><line number="104" hits="1"/><line number="105" hits="0"/><line number="106" hits="0"/><line number="108" hits="2"/><line number="109" hits="3"/><line number="110" hits="1"/><line number="111" hits="1"/><line number="112" hits="3"/><line number="114" hits="2"/><line number="115" hits="1"/><line number="116" hits="1"/><line number="117" hits="1"/><line number="119" hits="1"/><line number="125" hits="1"/><line number="143" hits="1"/><line number="144" hits="1"/><line number="147" hits="3"/><line number="148" hits="0"/><line number="149" hits="0"/><line number="154" hits="2"/><line number="155" hits="2"/><line number="156" hits="1"/><line number="172" hits="3"/><line number="196" hits="1"/><line number="223" hits="1"/><line number="224" hits="1"/><line number="225" hits="1"/><line number="226" hits="1"/><line number="231" hits="1"/><line number="232" hits="1"/><line number="233" hits="1"/><line number="234" hits="2"/><line number="235" hits="2"/><line number="236" hits="1"/><line number="238" hits="1"/><line number="243" hits="1"/></lines></class><class name="mod" filename="src/commands/scan/mod.rs" line-rate="0" branch-rate="0" complexity="0"><methods/><lines><line number="104" hits="0"/><line number="114" hits="0"/><line number="115" hits="0"/><line number="118" hits="0"/><line number="121" hits="0"/><line number="122" hits="0"/><line number="125" hits="0"/></lines></class><class name="models" filename="src/commands/scan/models.rs" line-rate="1" branch-rate="0" complexity="0"><methods/><lines><line number="48" hits="1"/><line number="49" hits="1"/><line number="52" hits="1"/><line number="53" hits="1"/><line number="54" hits="1"/><line number="55" hits="1"/><line number="65" hits="1"/><line number="66" hits="1"/><line number="67" hits="1"/><line number="68" hits="1"/><line number="69" hits="1"/><line number="116" hits="1"/><line number="120" hits="1"/><line number="148" hits="1"/><line number="157" hits="1"/><line number="159" hits="2"/><line number="160" hits="2"/><line number="211" hits="2"/><line number="215" hits="2"/><line number="238" hits="2"/><line number="239" hits="3"/><line number="240" hits="5"/><line number="241" hits="2"/><line number="242" hits="2"/><line number="244" hits="8"/><line number="245" hits="4"/><line number="262" hits="1"/><line number="263" hits="1"/></lines></class><class name="output" filename="src/commands/scan/output.rs" line-rate="0.34328358208955223" branch-rate="0" complexity="0"><methods/><lines><line number="68" hits="1"/><line number="69" hits="2"/><line number="70" hits="2"/><line number="71" hits="3"/><line number="72" hits="1"/><line number="98" hits="0"/><line number="99" hits="0"/><line number="100" hits="0"/><line number="101" hits="0"/><line number="102" hits="0"/><line number="114" hits="0"/><line number="116" hits="0"/><line number="117" hits="0"/><line number="120" hits="0"/><line number="124" hits="0"/><line number="125" hits="0"/><line number="126" hits="0"/><line number="128" hits="0"/><line number="131" hits="0"/><line number="132" hits="0"/><line number="133" hits="0"/><line number="134" hits="0"/><line number="138" hits="0"/><line number="144" hits="0"/><line number="146" hits="0"/><line number="147" hits="0"/><line number="148" hits="0"/><line number="149" hits="0"/><line number="150" hits="0"/><line number="153" hits="0"/><line number="160" hits="0"/><line number="161" hits="0"/><line number="162" hits="0"/><line number="164" hits="0"/><line number="165" hits="0"/><line number="168" hits="0"/><line number="169" hits="0"/><line number="171" hits="0"/><line number="175" hits="0"/><line number="176" hits="0"/><line number="180" hits="0"/><line number="184" hits="0"/><line number="185" hits="0"/><line number="188" hits="0"/><line number="195" hits="0"/><line number="196" hits="0"/><line number="203" hits="0"/><line number="213" hits="1"/><line number="214" hits="1"/><line number="215" hits="2"/><line number="216" hits="1"/><line number="233" hits="1"/><line number="234" hits="1"/><line number="237" hits="2"/><line number="238" hits="1"/><line number="239" hits="1"/><line number="240" hits="0"/><line number="241" hits="0"/><line number="244" hits="1"/><line number="245" hits="2"/><line number="246" hits="3"/><line number="248" hits="3"/><line number="249" hits="2"/><line number="251" hits="2"/><line number="262" hits="2"/><line number="276" hits="2"/><line number="277" hits="1"/></lines></class><class name="runner" filename="src/commands/scan/runner.rs" line-rate="0.20967741935483872" branch-rate="0" complexity="0"><methods/><lines><line number="80" hits="1"/><line number="82" hits="2"/><line number="83" hits="2"/><line number="120" hits="0"/><line number="123" hits="0"/><line number="124" hits="0"/><line number="125" hits="0"/><line number="127" hits="0"/><line number="130" hits="0"/><line number="131" hits="0"/><line number="134" hits="0"/><line number="136" hits="0"/><line number="137" hits="0"/><line number="140" hits="0"/><line number="142" hits="0"/><line number="143" hits="0"/><line number="144" hits="0"/><line number="146" hits="0"/><line number="150" hits="0"/><line number="153" hits="0"/><line number="166" hits="0"/><line number="167" hits="0"/><line number="168" hits="0"/><line number="169" hits="0"/><line number="172" hits="0"/><line number="174" hits="0"/><line number="175" hits="0"/><line number="178" hits="0"/><line number="182" hits="0"/><line number="184" hits="0"/><line number="185" hits="0"/><line number="186" hits="0"/><line number="188" hits="0"/><line number="189" hits="0"/><line number="190" hits="0"/><line number="195" hits="0"/><line number="196" hits="0"/><line number="197" hits="0"/><line number="198" hits="0"/><line number="204" hits="0"/><line number="216" hits="0"/><line number="225" hits="0"/><line number="226" hits="0"/><line number="232" hits="0"/><line number="233" hits="0"/><line number="234" hits="0"/><line number="235" hits="0"/><line number="236" hits="0"/><line number="238" hits="0"/><line number="240" hits="0"/><line number="241" hits="0"/><line number="244" hits="0"/><line number="258" hits="1"/><line number="259" hits="3"/><line number="260" hits="3"/><line number="261" hits="3"/><line number="302" hits="2"/><line number="303" hits="2"/><line number="304" hits="1"/><line number="306" hits="1"/><line number="308" hits="1"/><line number="309" hits="2"/></lines></class></classes></package><package name="src/commands/sync" line-rate="0.4742729306487696" branch-rate="0" complexity="0"><classes><class name="executor" filename="src/commands/sync/executor.rs" line-rate="0.38726790450928383" branch-rate="0" complexity="0"><methods/><lines><line number="22" hits="2"/><line number="23" hits="4"/><line number="24" hits="4"/><line number="26" hits="5"/><line number="27" hits="3"/><line number="28" hits="3"/><line number="31" hits="3"/><line number="35" hits="3"/><line number="36" hits="3"/><line number="37" hits="3"/><line number="40" hits="3"/><line number="55" hits="1"/><line number="56" hits="1"/><line number="57" hits="0"/><line number="67" hits="1"/><line number="70" hits="1"/><line number="76" hits="2"/><line number="79" hits="1"/><line number="81" hits="1"/><line number="83" hits="1"/><line number="84" hits="1"/><line number="85" hits="1"/><line number="86" hits="1"/><line number="91" hits="1"/><line number="92" hits="1"/><line number="93" hits="1"/><line number="94" hits="1"/><line number="105" hits="1"/><line number="113" hits="1"/><line number="115" hits="1"/><line number="116" hits="1"/><line number="125" hits="1"/><line number="130" hits="1"/><line number="133" hits="1"/><line number="134" hits="2"/><line number="135" hits="1"/><line number="137" hits="0"/><line number="138" hits="0"/><line number="142" hits="2"/><line number="143" hits="2"/><line number="144" hits="2"/><line number="146" hits="2"/><line number="147" hits="0"/><line number="148" hits="0"/><line number="152" hits="1"/><line number="153" hits="2"/><line number="154" hits="2"/><line number="155" hits="0"/><line number="156" hits="0"/><line number="157" hits="0"/><line number="159" hits="0"/><line number="165" hits="1"/><line number="167" hits="1"/><line number="168" hits="2"/><line number="169" hits="1"/><line number="170" hits="3"/><line number="171" hits="1"/><line number="172" hits="1"/><line number="176" hits="1"/><line number="177" hits="0"/><line number="180" hits="1"/><line number="181" hits="1"/><line number="182" hits="1"/><line number="183" hits="1"/><line number="184" hits="1"/><line number="185" hits="1"/><line number="187" hits="1"/><line number="188" hits="1"/><line number="190" hits="1"/><line number="192" hits="2"/><line number="193" hits="1"/><line number="194" hits="1"/><line number="198" hits="0"/><line number="205" hits="0"/><line number="207" hits="0"/><line number="211" hits="0"/><line number="213" hits="0"/><line number="214" hits="0"/><line number="215" hits="0"/><line number="216" hits="0"/><line number="218" hits="0"/><line number="219" hits="0"/><line number="221" hits="0"/><line number="223" hits="0"/><line number="234" hits="0"/><line number="239" hits="0"/><line number="240" hits="0"/><line number="241" hits="0"/><line number="245" hits="0"/><line number="249" hits="0"/><line number="250" hits="0"/><line number="251" hits="0"/><line number="252" hits="0"/><line number="254" hits="0"/><line number="255" hits="0"/><line number="257" hits="0"/><line number="259" hits="0"/><line number="262" hits="0"/><line number="263" hits="0"/><line number="264" hits="0"/><line number="265" hits="0"/><line number="267" hits="0"/><line number="268" hits="0"/><line number="270" hits="0"/><line number="272" hits="0"/><line number="275" hits="0"/><line number="276" hits="0"/><line number="281" hits="0"/><line number="282" hits="0"/><line number="283" hits="0"/><line number="284" hits="0"/><line number="285" hits="0"/><line number="287" hits="0"/><line number="289" hits="0"/><line number="292" hits="0"/><line number="293" hits="0"/><line number="294" hits="0"/><line number="297" hits="0"/><line number="299" hits="0"/><line number="302" hits="0"/><line number="308" hits="0"/><line number="311" hits="0"/><line number="317" hits="0"/><line number="318" hits="0"/><line number="320" hits="0"/><line number="321" hits="0"/><line number="322" hits="0"/><line number="323" hits="0"/><line number="324" hits="0"/><line number="330" hits="0"/><line number="331" hits="0"/><line number="332" hits="0"/><line number="334" hits="0"/><line number="335" hits="0"/><line number="337" hits="0"/><line number="340" hits="0"/><line number="341" hits="0"/><line number="343" hits="0"/><line number="346" hits="0"/><line number="347" hits="0"/><line number="351" hits="0"/><line number="358" hits="1"/><line number="366" hits="1"/><line number="367" hits="0"/><line number="369" hits="1"/><line number="371" hits="1"/><line number="372" hits="1"/><line number="383" hits="1"/><line number="388" hits="1"/><line number="391" hits="1"/><line number="395" hits="2"/><line number="396" hits="0"/><line number="398" hits="1"/><line number="399" hits="1"/><line number="403" hits="0"/><line number="404" hits="0"/><line number="405" hits="0"/><line number="407" hits="0"/><line number="408" hits="0"/><line number="409" hits="0"/><line number="412" hits="0"/><line number="413" hits="0"/><line number="414" hits="0"/><line number="415" hits="0"/><line number="416" hits="0"/><line number="418" hits="0"/><line number="424" hits="0"/><line number="426" hits="0"/><line number="427" hits="0"/><line number="428" hits="0"/><line number="429" hits="0"/><line number="430" hits="0"/><line number="431" hits="0"/><line number="435" hits="0"/><line number="436" hits="0"/><line number="437" hits="0"/><line number="438" hits="0"/><line number="439" hits="0"/><line number="440" hits="0"/><line number="442" hits="0"/><line number="443" hits="0"/><line number="445" hits="0"/><line number="447" hits="0"/><line number="448" hits="0"/><line number="449" hits="0"/><line number="452" hits="0"/><line number="459" hits="0"/><line number="461" hits="0"/><line number="465" hits="0"/><line number="466" hits="0"/><line number="467" hits="0"/><line number="469" hits="0"/><line number="471" hits="0"/><line number="472" hits="0"/><line number="473" hits="0"/><line number="475" hits="0"/><line number="476" hits="0"/><line number="478" hits="0"/><line number="480" hits="0"/><line number="481" hits="0"/><line number="482" hits="0"/><line number="485" hits="0"/><line number="486" hits="0"/><line number="491" hits="0"/><line number="492" hits="0"/><line number="493" hits="0"/><line number="494" hits="0"/><line number="496" hits="0"/><line number="497" hits="0"/><line number="498" hits="0"/><line number="500" hits="0"/><line number="503" hits="0"/><line number="506" hits="0"/><line number="507" hits="0"/><line number="509" hits="0"/><line number="510" hits="0"/><line number="513" hits="0"/><line number="516" hits="1"/><line number="521" hits="1"/><line number="522" hits="0"/><line number="524" hits="0"/><line number="525" hits="0"/><line number="526" hits="0"/><line number="527" hits="0"/><line number="528" hits="0"/><line number="531" hits="0"/><line number="532" hits="0"/><line number="534" hits="0"/><line number="535" hits="0"/><line number="537" hits="0"/><line number="540" hits="1"/><line number="541" hits="1"/><line number="542" hits="1"/><line number="543" hits="1"/><line number="548" hits="1"/><line number="555" hits="1"/><line number="560" hits="1"/><line number="561" hits="1"/><line number="563" hits="1"/><line number="564" hits="2"/><line number="565" hits="2"/><line number="568" hits="1"/><line number="569" hits="1"/><line number="572" hits="2"/><line number="577" hits="2"/><line number="578" hits="2"/><line number="579" hits="4"/><line number="580" hits="2"/><line number="581" hits="2"/><line number="582" hits="2"/><line number="583" hits="2"/><line number="584" hits="2"/><line number="588" hits="2"/><line number="591" hits="0"/><line number="592" hits="0"/><line number="593" hits="0"/><line number="595" hits="0"/><line number="596" hits="0"/><line number="597" hits="0"/><line number="601" hits="0"/><line number="602" hits="0"/><line number="605" hits="1"/><line number="609" hits="1"/><line number="610" hits="1"/><line number="611" hits="2"/><line number="612" hits="3"/><line number="613" hits="1"/><line number="614" hits="1"/><line number="615" hits="1"/><line number="619" hits="1"/><line number="622" hits="0"/><line number="627" hits="0"/><line number="629" hits="0"/><line number="632" hits="0"/><line number="633" hits="0"/><line number="635" hits="0"/><line number="636" hits="0"/><line number="637" hits="0"/><line number="638" hits="0"/><line number="641" hits="0"/><line number="642" hits="0"/><line number="645" hits="0"/><line number="650" hits="0"/><line number="651" hits="0"/><line number="652" hits="0"/><line number="653" hits="0"/><line number="654" hits="0"/><line number="655" hits="0"/><line number="656" hits="0"/><line number="657" hits="0"/><line number="661" hits="0"/><line number="664" hits="0"/><line number="665" hits="0"/><line number="666" hits="0"/><line number="667" hits="0"/><line number="669" hits="0"/><line number="670" hits="0"/><line number="671" hits="0"/><line number="674" hits="0"/><line number="675" hits="0"/><line number="678" hits="1"/><line number="682" hits="1"/><line number="683" hits="1"/><line number="684" hits="3"/><line number="685" hits="1"/><line number="686" hits="1"/><line number="687" hits="1"/><line number="688" hits="1"/><line number="689" hits="1"/><line number="693" hits="1"/><line number="700" hits="0"/><line number="705" hits="0"/><line number="706" hits="0"/><line number="708" hits="0"/><line number="709" hits="0"/><line number="710" hits="0"/><line number="712" hits="0"/><line number="713" hits="0"/><line number="714" hits="0"/><line number="715" hits="0"/><line number="718" hits="0"/><line number="721" hits="0"/><line number="722" hits="0"/><line number="725" hits="2"/><line number="730" hits="1"/><line number="731" hits="2"/><line number="732" hits="4"/><line number="733" hits="2"/><line number="734" hits="2"/><line number="735" hits="2"/><line number="737" hits="2"/><line number="739" hits="1"/><line number="740" hits="1"/><line number="741" hits="1"/><line number="742" hits="1"/><line number="743" hits="1"/><line number="746" hits="2"/><line number="749" hits="0"/><line number="754" hits="0"/><line number="756" hits="0"/><line number="759" hits="0"/><line number="760" hits="0"/><line number="762" hits="0"/><line number="763" hits="0"/><line number="764" hits="0"/><line number="765" hits="0"/><line number="768" hits="0"/><line number="769" hits="0"/><line number="772" hits="0"/><line number="777" hits="0"/><line number="778" hits="0"/><line number="779" hits="0"/><line number="780" hits="0"/><line number="781" hits="0"/><line number="782" hits="0"/><line number="783" hits="0"/><line number="784" hits="0"/><line number="788" hits="0"/><line number="795" hits="1"/><line number="796" hits="1"/><line number="798" hits="1"/><line number="807" hits="1"/><line number="808" hits="0"/><line number="810" hits="2"/><line number="811" hits="1"/><line number="812" hits="1"/><line number="821" hits="1"/><line number="822" hits="0"/><line number="823" hits="0"/><line number="824" hits="0"/><line number="828" hits="1"/><line number="831" hits="2"/><line number="832" hits="2"/><line number="835" hits="2"/><line number="836" hits="2"/><line number="837" hits="2"/><line number="839" hits="1"/></lines></class><class name="mod" filename="src/commands/sync/mod.rs" line-rate="1" branch-rate="0" complexity="0"><methods/><lines><line number="21" hits="1"/><line number="39" hits="1"/></lines></class><class name="models" filename="src/commands/sync/models.rs" line-rate="0.8181818181818182" branch-rate="0" complexity="0"><methods/><lines><line number="22" hits="0"/><line number="23" hits="0"/><line number="28" hits="3"/><line number="29" hits="7"/><line number="30" hits="6"/><line number="31" hits="4"/><line number="32" hits="4"/><line number="37" hits="2"/><line number="39" hits="2"/><line number="40" hits="2"/><line number="41" hits="2"/></lines></class><class name="placeholder" filename="src/commands/sync/placeholder.rs" line-rate="0.9444444444444444" branch-rate="0" complexity="0"><methods/><lines><line number="6" hits="2"/><line number="12" hits="5"/><line number="13" hits="7"/><line number="14" hits="6"/><line number="15" hits="4"/><line number="21" hits="3"/><line number="23" hits="7"/><line number="24" hits="4"/><line number="27" hits="4"/><line number="28" hits="2"/><line number="31" hits="2"/><line number="32" hits="2"/><line number="33" hits="2"/><line number="34" hits="3"/><line number="36" hits="2"/><line number="37" hits="2"/><line number="39" hits="3"/><line number="40" hits="2"/><line number="43" hits="0"/><line number="46" hits="5"/><line number="47" hits="2"/><line number="50" hits="5"/><line number="51" hits="2"/><line number="54" hits="10"/><line number="55" hits="2"/><line number="59" hits="3"/><line number="60" hits="0"/><line number="62" hits="6"/><line number="67" hits="1"/><line number="68" hits="3"/><line number="69" hits="1"/><line number="70" hits="1"/><line number="71" hits="1"/><line number="72" hits="1"/><line number="73" hits="1"/><line number="74" hits="1"/></lines></class><class name="security" filename="src/commands/sync/security.rs" line-rate="1" branch-rate="0" complexity="0"><methods/><lines><line number="10" hits="2"/><line number="11" hits="2"/><line number="12" hits="1"/><line number="13" hits="2"/><line number="19" hits="1"/><line number="21" hits="1"/><line number="22" hits="1"/><line number="25" hits="1"/><line number="28" hits="1"/><line number="33" hits="1"/><line number="37" hits="3"/><line number="39" hits="2"/><line number="41" hits="8"/><line number="44" hits="2"/><line number="45" hits="1"/><line number="47" hits="1"/><line number="53" hits="1"/><line number="61" hits="2"/><line number="65" hits="1"/><line number="66" hits="1"/><line number="67" hits="1"/></lines></class></classes></package><package name="src" line-rate="0.4042762349471615" branch-rate="0" complexity="0"><classes><class name="cli" filename="src/cli.rs" line-rate="1" branch-rate="0" complexity="0"><methods/><lines><line number="64" hits="1"/><line number="65" hits="1"/><line number="66" hits="1"/><line number="67" hits="1"/></lines></class><class name="main" filename="src/main.rs" line-rate="0" branch-rate="0" complexity="0"><methods/><lines><line number="11" hits="0"/><line number="12" hits="0"/><line number="15" hits="0"/><line number="16" hits="0"/><line number="20" hits="0"/><line number="21" hits="0"/><line number="23" hits="0"/><line number="25" hits="0"/><line number="42" hits="0"/><line number="48" hits="0"/><line number="62" hits="0"/><line number="65" hits="0"/><line number="75" hits="0"/><line number="81" hits="0"/><line number="86" hits="0"/><line number="87" hits="0"/><line number="88" hits="0"/><line number="89" hits="0"/><line number="94" hits="0"/><line number="104" hits="0"/><line number="105" hits="0"/><line number="106" hits="0"/><line number="107" hits="0"/><line number="108" hits="0"/><line number="109" hits="0"/><line number="110" hits="0"/><line number="111" hits="0"/><line number="113" hits="0"/><line number="117" hits="0"/><line number="121" hits="0"/><line number="122" hits="0"/><line number="123" hits="0"/><line number="124" hits="0"/><line number="125" hits="0"/><line number="126" hits="0"/><line number="127" hits="0"/><line number="128" hits="0"/><line number="129" hits="0"/><line number="130" hits="0"/><line number="133" hits="0"/><line number="168" hits="0"/><line number="169" hits="0"/><line number="170" hits="0"/><line number="171" hits="0"/><line number="172" hits="0"/><line number="173" hits="0"/><line number="180" hits="0"/><line number="187" hits="0"/><line number="188" hits="0"/><line number="189" hits="0"/><line number="190" hits="0"/><line number="192" hits="0"/><line number="194" hits="0"/><line number="207" hits="0"/><line number="209" hits="0"/></lines></class></classes></package><package name="src/commands/init" line-rate="0" branch-rate="0" complexity="0"><classes><class name="architect" filename="src/commands/init/architect.rs" line-rate="0" branch-rate="0" complexity="0"><methods/><lines><line number="11" hits="0"/><line number="13" hits="0"/><line number="20" hits="0"/><line number="23" hits="0"/><line number="26" hits="0"/><line number="28" hits="0"/><line number="31" hits="0"/><line number="32" hits="0"/><line number="34" hits="0"/><line number="36" hits="0"/><line number="40" hits="0"/><line number="43" hits="0"/><line number="44" hits="0"/><line number="46" hits="0"/><line number="48" hits="0"/><line number="51" hits="0"/><line number="52" hits="0"/><line number="54" hits="0"/><line number="56" hits="0"/><line number="60" hits="0"/><line number="63" hits="0"/><line number="64" hits="0"/><line number="66" hits="0"/><line number="67" hits="0"/><line number="68" hits="0"/><line number="69" hits="0"/><line number="73" hits="0"/><line number="75" hits="0"/><line number="77" hits="0"/><line number="79" hits="0"/><line number="83" hits="0"/><line number="85" hits="0"/><line number="89" hits="0"/><line number="92" hits="0"/><line number="95" hits="0"/><line number="96" hits="0"/><line number="98" hits="0"/><line number="99" hits="0"/><line number="101" hits="0"/><line number="103" hits="0"/><line number="107" hits="0"/><line number="109" hits="0"/><line number="112" hits="0"/><line number="113" hits="0"/><line number="115" hits="0"/><line number="116" hits="0"/><line number="117" hits="0"/><line number="118" hits="0"/><line number="125" hits="0"/><line number="126" hits="0"/><line number="130" hits="0"/><line number="131" hits="0"/><line number="132" hits="0"/><line number="135" hits="0"/><line number="136" hits="0"/><line number="141" hits="0"/><line number="142" hits="0"/><line number="143" hits="0"/><line number="148" hits="0"/><line number="149" hits="0"/><line number="151" hits="0"/><line number="152" hits="0"/><line number="159" hits="0"/><line number="161" hits="0"/><line number="164" hits="0"/><line number="167" hits="0"/><line number="168" hits="0"/><line number="169" hits="0"/><line number="170" hits="0"/><line number="173" hits="0"/><line number="174" hits="0"/><line number="175" hits="0"/><line number="176" hits="0"/></lines></class><class name="blank" filename="src/commands/init/blank.rs" line-rate="0" branch-rate="0" complexity="0"><methods/><lines><line number="9" hits="0"/><line number="10" hits="0"/><line number="11" hits="0"/><line number="14" hits="0"/><line number="15" hits="0"/><line number="17" hits="0"/><line number="18" hits="0"/><line number="20" hits="0"/><line number="21" hits="0"/><line number="23" hits="0"/></lines></class><class name="blueprint" filename="src/commands/init/blueprint.rs" line-rate="0" branch-rate="0" complexity="0"><methods/><lines><line number="11" hits="0"/><line number="12" hits="0"/><line number="13" hits="0"/><line number="15" hits="0"/><line number="17" hits="0"/><line number="18" hits="0"/><line number="22" hits="0"/><line number="24" hits="0"/><line number="25" hits="0"/><line number="26" hits="0"/><line number="30" hits="0"/><line number="31" hits="0"/><line number="33" hits="0"/><line number="35" hits="0"/><line number="40" hits="0"/><line number="41" hits="0"/><line number="42" hits="0"/><line number="44" hits="0"/><line number="45" hits="0"/><line number="54" hits="0"/><line number="61" hits="0"/><line number="62" hits="0"/><line number="63" hits="0"/><line number="66" hits="0"/><line number="67" hits="0"/><line number="72" hits="0"/><line number="73" hits="0"/><line number="74" hits="0"/><line number="79" hits="0"/><line number="80" hits="0"/><line number="82" hits="0"/><line number="83" hits="0"/><line number="85" hits="0"/><line number="87" hits="0"/><line number="90" hits="0"/></lines></class><class name="mod" filename="src/commands/init/mod.rs" line-rate="0" branch-rate="0" complexity="0"><methods/><lines><line number="23" hits="0"/><line number="24" hits="0"/><line number="25" hits="0"/><line number="28" hits="0"/><line number="31" hits="0"/><line number="33" hits="0"/><line number="35" hits="0"/><line number="41" hits="0"/><line number="43" hits="0"/><line number="47" hits="0"/><line number="48" hits="0"/><line number="49" hits="0"/><line number="50" hits="0"/><line number="51" hits="0"/><line number="56" hits="0"/><line number="57" hits="0"/><line number="58" hits="0"/><line number="59" hits="0"/><line number="62" hits="0"/><line number="63" hits="0"/><line number="73" hits="0"/><line number="80" hits="0"/><line number="81" hits="0"/></lines></class><class name="shared" filename="src/commands/init/shared.rs" line-rate="0" branch-rate="0" complexity="0"><methods/><lines><line number="7" hits="0"/><line number="13" hits="0"/><line number="14" hits="0"/><line number="17" hits="0"/><line number="18" hits="0"/><line number="19" hits="0"/><line number="22" hits="0"/><line number="23" hits="0"/><line number="24" hits="0"/><line number="25" hits="0"/><line number="26" hits="0"/><line number="30" hits="0"/><line number="32" hits="0"/><line number="36" hits="0"/><line number="37" hits="0"/><line number="38" hits="0"/><line number="40" hits="0"/><line number="41" hits="0"/><line number="43" hits="0"/><line number="44" hits="0"/><line number="45" hits="0"/><line number="46" hits="0"/><line number="47" hits="0"/><line number="50" hits="0"/><line number="52" hits="0"/><line number="54" hits="0"/></lines></class></classes></package><package name="src/commands/validate" line-rate="0.17603911980440098" branch-rate="0" complexity="0"><classes><class name="checks" filename="src/commands/validate/checks.rs" line-rate="0.2867132867132867" branch-rate="0" complexity="0"><methods/><lines><line number="20" hits="1"/><line number="21" hits="1"/><line number="23" hits="0"/><line number="24" hits="0"/><line number="31" hits="1"/><line number="32" hits="1"/><line number="33" hits="1"/><line number="48" hits="4"/><line number="51" hits="1"/><line number="52" hits="1"/><line number="53" hits="1"/><line number="55" hits="1"/><line number="58" hits="1"/><line number="59" hits="4"/><line number="62" hits="1"/><line number="63" hits="1"/><line number="67" hits="1"/><line number="69" hits="1"/><line number="70" hits="1"/><line number="75" hits="3"/><line number="78" hits="0"/><line number="79" hits="0"/><line number="88" hits="1"/><line number="94" hits="1"/><line number="95" hits="0"/><line number="98" hits="1"/><line number="99" hits="2"/><line number="102" hits="1"/><line number="103" hits="3"/><line number="104" hits="1"/><line number="105" hits="2"/><line number="106" hits="1"/><line number="107" hits="2"/><line number="108" hits="2"/><line number="109" hits="2"/><line number="116" hits="0"/><line number="123" hits="0"/><line number="124" hits="0"/><line number="127" hits="0"/><line number="128" hits="0"/><line number="131" hits="0"/><line number="132" hits="0"/><line number="133" hits="0"/><line number="134" hits="0"/><line number="135" hits="0"/><line number="136" hits="0"/><line number="137" hits="0"/><line number="138" hits="0"/><line number="148" hits="0"/><line number="153" hits="0"/><line number="154" hits="0"/><line number="159" hits="0"/><line number="160" hits="0"/><line number="161" hits="0"/><line number="162" hits="0"/><line number="163" hits="0"/><line number="164" hits="0"/><line number="165" hits="0"/><line number="168" hits="0"/><line number="169" hits="0"/><line number="170" hits="0"/><line number="171" hits="0"/><line number="172" hits="0"/><line number="173" hits="0"/><line number="174" hits="0"/><line number="182" hits="1"/><line number="187" hits="1"/><line number="188" hits="0"/><line number="193" hits="3"/><line number="194" hits="4"/><line number="195" hits="1"/><line number="196" hits="2"/><line number="197" hits="1"/><line number="198" hits="2"/><line number="199" hits="2"/><line number="200" hits="1"/><line number="202" hits="2"/><line number="210" hits="0"/><line number="215" hits="0"/><line number="216" hits="0"/><line number="221" hits="0"/><line number="222" hits="0"/><line number="223" hits="0"/><line number="224" hits="0"/><line number="225" hits="0"/><line number="226" hits="0"/><line number="227" hits="0"/><line number="228" hits="0"/><line number="236" hits="0"/><line number="242" hits="0"/><line number="243" hits="0"/><line number="248" hits="0"/><line number="249" hits="0"/><line number="250" hits="0"/><line number="252" hits="0"/><line number="253" hits="0"/><line number="254" hits="0"/><line number="255" hits="0"/><line number="256" hits="0"/><line number="257" hits="0"/><line number="258" hits="0"/><line number="265" hits="0"/><line number="271" hits="0"/><line number="272" hits="0"/><line number="275" hits="0"/><line number="277" hits="0"/><line number="278" hits="0"/><line number="281" hits="0"/><line number="282" hits="0"/><line number="283" hits="0"/><line number="284" hits="0"/><line number="285" hits="0"/><line number="286" hits="0"/><line number="288" hits="0"/><line number="289" hits="0"/><line number="290" hits="0"/><line number="291" hits="0"/><line number="292" hits="0"/><line number="293" hits="0"/><line number="294" hits="0"/><line number="300" hits="0"/><line number="301" hits="0"/><line number="302" hits="0"/><line number="303" hits="0"/><line number="305" hits="0"/><line number="306" hits="0"/><line number="307" hits="0"/><line number="308" hits="0"/><line number="309" hits="0"/><line number="310" hits="0"/><line number="311" hits="0"/><line number="317" hits="0"/><line number="318" hits="0"/><line number="319" hits="0"/><line number="320" hits="0"/><line number="322" hits="0"/><line number="323" hits="0"/><line number="324" hits="0"/><line number="325" hits="0"/><line number="326" hits="0"/><line number="327" hits="0"/><line number="328" hits="0"/><line number="334" hits="0"/></lines></class><class name="fixer" filename="src/commands/validate/fixer.rs" line-rate="0.3333333333333333" branch-rate="0" complexity="0"><methods/><lines><line number="34" hits="1"/><line number="35" hits="1"/><line number="37" hits="3"/><line number="38" hits="1"/><line number="39" hits="0"/><line number="40" hits="0"/><line number="41" hits="0"/><line number="42" hits="0"/><line number="43" hits="0"/><line number="44" hits="0"/><line number="46" hits="0"/><line number="50" hits="1"/><line number="51" hits="1"/><line number="53" hits="0"/><line number="55" hits="1"/><line number="57" hits="0"/><line number="59" hits="0"/><line number="61" hits="0"/><line number="63" hits="0"/><line number="65" hits="0"/><line number="67" hits="0"/><line number="78" hits="1"/><line number="80" hits="1"/><line number="81" hits="2"/><line number="86" hits="2"/><line number="93" hits="2"/><line number="99" hits="2"/><line number="101" hits="1"/><line number="102" hits="2"/><line number="103" hits="1"/><line number="104" hits="1"/><line number="105" hits="1"/><line number="106" hits="2"/><line number="107" hits="1"/><line number="110" hits="0"/><line number="111" hits="0"/><line number="112" hits="0"/><line number="113" hits="0"/><line number="114" hits="0"/><line number="115" hits="0"/><line number="116" hits="0"/><line number="119" hits="1"/><line number="120" hits="1"/><line number="121" hits="1"/><line number="122" hits="1"/><line number="123" hits="1"/><line number="124" hits="2"/><line number="125" hits="1"/><line number="128" hits="0"/><line number="129" hits="0"/><line number="130" hits="0"/><line number="131" hits="0"/><line number="132" hits="0"/><line number="133" hits="0"/><line number="134" hits="0"/><line number="137" hits="0"/><line number="146" hits="0"/><line number="151" hits="0"/><line number="154" hits="0"/><line number="155" hits="0"/><line number="158" hits="0"/><line number="159" hits="0"/><line number="160" hits="0"/><line number="165" hits="0"/><line number="166" hits="0"/><line number="167" hits="0"/><line number="168" hits="0"/><line number="169" hits="0"/><line number="170" hits="0"/><line number="171" hits="0"/><line number="174" hits="0"/><line number="175" hits="0"/><line number="179" hits="0"/><line number="180" hits="0"/><line number="185" hits="0"/><line number="186" hits="0"/><line number="187" hits="0"/><line number="188" hits="0"/><line number="189" hits="0"/><line number="190" hits="0"/><line number="194" hits="0"/></lines></class><class name="mod" filename="src/commands/validate/mod.rs" line-rate="0" branch-rate="0" complexity="0"><methods/><lines><line number="33" hits="0"/><line number="37" hits="0"/><line number="38" hits="0"/><line number="40" hits="0"/><line number="41" hits="0"/><line number="44" hits="0"/><line number="45" hits="0"/><line number="46" hits="0"/><line number="47" hits="0"/><line number="48" hits="0"/><line number="50" hits="0"/><line number="51" hits="0"/><line number="62" hits="0"/><line number="77" hits="0"/><line number="78" hits="0"/><line number="79" hits="0"/><line number="80" hits="0"/><line number="82" hits="0"/><line number="84" hits="0"/><line number="88" hits="0"/><line number="95" hits="0"/><line number="100" hits="0"/><line number="102" hits="0"/><line number="104" hits="0"/><line number="107" hits="0"/><line number="108" hits="0"/><line number="109" hits="0"/><line number="110" hits="0"/><line number="111" hits="0"/><line number="112" hits="0"/><line number="114" hits="0"/><line number="116" hits="0"/><line number="117" hits="0"/><line number="119" hits="0"/><line number="121" hits="0"/><line number="129" hits="0"/><line number="131" hits="0"/><line number="134" hits="0"/><line number="135" hits="0"/><line number="138" hits="0"/><line number="141" hits="0"/><line number="142" hits="0"/><line number="143" hits="0"/><line number="146" hits="0"/><line number="148" hits="0"/><line number="149" hits="0"/><line number="152" hits="0"/><line number="154" hits="0"/><line number="155" hits="0"/><line number="158" hits="0"/><line number="160" hits="0"/><line number="161" hits="0"/><line number="164" hits="0"/><line number="166" hits="0"/><line number="167" hits="0"/><line number="168" hits="0"/><line number="171" hits="0"/><line number="173" hits="0"/><line number="174" hits="0"/><line number="175" hits="0"/><line number="181" hits="0"/><line number="182" hits="0"/><line number="184" hits="0"/><line number="185" hits="0"/><line number="187" hits="0"/><line number="190" hits="0"/><line number="191" hits="0"/><line number="192" hits="0"/><line number="193" hits="0"/><line number="194" hits="0"/><line number="200" hits="0"/><line number="201" hits="0"/><line number="202" hits="0"/><line number="203" hits="0"/><line number="204" hits="0"/><line number="205" hits="0"/><line number="212" hits="0"/><line number="213" hits="0"/><line number="214" hits="0"/><line number="215" hits="0"/><line number="216" hits="0"/><line number="217" hits="0"/><line number="224" hits="0"/><line number="226" hits="0"/><line number="228" hits="0"/><line number="229" hits="0"/><line number="230" hits="0"/><line number="231" hits="0"/><line number="232" hits="0"/><line number="239" hits="0"/><line number="240" hits="0"/><line number="241" hits="0"/><line number="245" hits="0"/><line number="248" hits="0"/><line number="249" hits="0"/><line number="250" hits="0"/><line number="251" hits="0"/><line number="258" hits="0"/><line number="259" hits="0"/><line number="260" hits="0"/><line number="261" hits="0"/><line number="264" hits="0"/><line number="269" hits="0"/><line number="270" hits="0"/><line number="273" hits="0"/><line number="284" hits="0"/><line number="285" hits="0"/><line number="286" hits="0"/><line number="287" hits="0"/><line number="293" hits="0"/><line number="294" hits="0"/><line number="295" hits="0"/><line number="297" hits="0"/><line number="299" hits="0"/><line number="300" hits="0"/><line number="301" hits="0"/><line number="302" hits="0"/><line number="305" hits="0"/><line number="306" hits="0"/><line number="309" hits="0"/><line number="317" hits="0"/><line number="318" hits="0"/><line number="319" hits="0"/><line number="320" hits="0"/><line number="322" hits="0"/><line number="324" hits="0"/><line number="331" hits="0"/><line number="332" hits="0"/><line number="334" hits="0"/><line number="335" hits="0"/><line number="336" hits="0"/><line number="340" hits="0"/><line number="341" hits="0"/><line number="342" hits="0"/><line number="343" hits="0"/><line number="346" hits="0"/><line number="347" hits="0"/><line number="348" hits="0"/><line number="355" hits="0"/><line number="359" hits="0"/><line number="360" hits="0"/><line number="362" hits="0"/><line number="363" hits="0"/><line number="364" hits="0"/><line number="365" hits="0"/><line number="366" hits="0"/><line number="369" hits="0"/><line number="376" hits="0"/><line number="377" hits="0"/><line number="379" hits="0"/><line number="380" hits="0"/><line number="386" hits="0"/><line number="387" hits="0"/><line number="394" hits="0"/><line number="396" hits="0"/><line number="397" hits="0"/><line number="398" hits="0"/><line number="403" hits="0"/><line number="404" hits="0"/><line number="411" hits="0"/><line number="414" hits="0"/><line number="415" hits="0"/><line number="416" hits="0"/><line number="419" hits="0"/><line number="420" hits="0"/><line number="421" hits="0"/><line number="422" hits="0"/><line number="423" hits="0"/><line number="424" hits="0"/><line number="426" hits="0"/><line number="427" hits="0"/><line number="428" hits="0"/><line number="434" hits="0"/><line number="435" hits="0"/></lines></class><class name="types" filename="src/commands/validate/types.rs" line-rate="0.36363636363636365" branch-rate="0" complexity="0"><methods/><lines><line number="19" hits="1"/><line number="20" hits="2"/><line number="21" hits="1"/><line number="22" hits="0"/><line number="23" hits="0"/><line number="24" hits="1"/><line number="25" hits="0"/><line number="26" hits="0"/><line number="27" hits="0"/><line number="28" hits="0"/><line number="29" hits="0"/></lines></class></classes></package><package name="src/commands" line-rate="0.3162639740353408" branch-rate="0" complexity="0"><classes><class name="backup" filename="src/commands/backup.rs" line-rate="0" branch-rate="0" complexity="0"><methods/><lines><line number="77" hits="0"/><line number="84" hits="0"/><line number="85" hits="0"/></lines></class><class name="convert" filename="src/commands/convert.rs" line-rate="0.527027027027027" branch-rate="0" complexity="0"><methods/><lines><line number="133" hits="0"/><line number="134" hits="0"/><line number="149" hits="3"/><line number="150" hits="3"/><line number="157" hits="1"/><line number="158" hits="1"/><line number="166" hits="3"/><line number="167" hits="3"/><line number="168" hits="3"/><line number="169" hits="1"/><line number="171" hits="2"/><line number="172" hits="1"/><line number="174" hits="1"/><line number="179" hits="2"/><line number="181" hits="2"/><line number="184" hits="2"/><line number="225" hits="3"/><line number="226" hits="7"/><line number="227" hits="4"/><line number="232" hits="3"/><line number="233" hits="6"/><line number="234" hits="3"/><line number="239" hits="2"/><line number="240" hits="4"/><line number="241" hits="2"/><line number="246" hits="2"/><line number="247" hits="4"/><line number="248" hits="2"/><line number="253" hits="2"/><line number="254" hits="4"/><line number="255" hits="2"/><line number="260" hits="2"/><line number="261" hits="2"/><line number="262" hits="2"/><line number="267" hits="2"/><line number="268" hits="4"/><line number="269" hits="2"/><line number="274" hits="2"/><line number="275" hits="2"/><line number="276" hits="2"/><line number="281" hits="1"/><line number="282" hits="1"/><line number="283" hits="1"/><line number="288" hits="2"/><line number="290" hits="2"/><line number="291" hits="2"/><line number="292" hits="2"/><line number="293" hits="2"/><line number="300" hits="3"/><line number="351" hits="0"/><line number="352" hits="0"/><line number="353" hits="0"/><line number="360" hits="0"/><line number="362" hits="0"/><line number="365" hits="0"/><line number="366" hits="0"/><line number="367" hits="0"/><line number="368" hits="0"/><line number="370" hits="0"/><line number="371" hits="0"/><line number="383" hits="0"/><line number="384" hits="0"/><line number="385" hits="0"/><line number="389" hits="0"/><line number="390" hits="0"/><line number="396" hits="0"/><line number="397" hits="0"/><line number="404" hits="0"/><line number="405" hits="0"/><line number="406" hits="0"/><line number="409" hits="0"/><line number="411" hits="0"/><line number="433" hits="0"/><line number="434" hits="0"/><line number="435" hits="0"/><line number="438" hits="0"/><line number="442" hits="0"/><line number="446" hits="0"/><line number="451" hits="0"/><line number="474" hits="0"/><line number="476" hits="0"/><line number="482" hits="0"/><line number="489" hits="0"/><line number="490" hits="0"/><line number="493" hits="0"/><line number="516" hits="2"/><line number="517" hits="4"/><line number="519" hits="4"/><line number="520" hits="3"/><line number="521" hits="4"/><line number="524" hits="4"/><line number="525" hits="4"/><line number="526" hits="2"/><line number="528" hits="2"/><line number="529" hits="2"/><line number="533" hits="2"/><line number="534" hits="2"/><line number="538" hits="2"/><line number="539" hits="2"/><line number="540" hits="2"/><line number="544" hits="2"/><line number="547" hits="3"/><line number="548" hits="4"/><line number="549" hits="4"/><line number="550" hits="4"/><line number="553" hits="0"/><line number="554" hits="0"/><line number="555" hits="0"/><line number="556" hits="0"/><line number="557" hits="0"/><line number="558" hits="0"/><line number="559" hits="0"/><line number="567" hits="0"/><line number="568" hits="0"/><line number="569" hits="0"/><line number="570" hits="0"/><line number="571" hits="0"/><line number="572" hits="0"/><line number="573" hits="0"/><line number="574" hits="0"/><line number="575" hits="0"/><line number="576" hits="0"/><line number="577" hits="0"/><line number="578" hits="0"/><line number="579" hits="0"/><line number="580" hits="0"/><line number="581" hits="0"/><line number="582" hits="0"/><line number="583" hits="0"/><line number="584" hits="0"/><line number="585" hits="0"/><line number="586" hits="0"/><line number="587" hits="0"/><line number="588" hits="0"/><line number="603" hits="1"/><line number="604" hits="2"/><line number="605" hits="1"/><line number="606" hits="2"/><line number="607" hits="1"/><line number="608" hits="1"/><line number="609" hits="0"/><line number="610" hits="0"/><line number="612" hits="1"/><line number="613" hits="1"/><line number="618" hits="1"/><line number="619" hits="1"/><line number="620" hits="0"/><line number="624" hits="1"/></lines></class><class name="diff" filename="src/commands/diff.rs" line-rate="0.2303370786516854" branch-rate="0" complexity="0"><methods/><lines><line number="58" hits="0"/><line number="70" hits="0"/><line number="71" hits="0"/><line number="75" hits="0"/><line number="76" hits="0"/><line number="80" hits="0"/><line number="86" hits="0"/><line number="88" hits="0"/><line number="89" hits="0"/><line number="90" hits="0"/><line number="92" hits="0"/><line number="93" hits="0"/><line number="94" hits="0"/><line number="96" hits="0"/><line number="97" hits="0"/><line number="99" hits="0"/><line number="103" hits="0"/><line number="106" hits="0"/><line number="109" hits="0"/><line number="110" hits="0"/><line number="114" hits="0"/><line number="115" hits="0"/><line number="116" hits="0"/><line number="118" hits="0"/><line number="119" hits="0"/><line number="121" hits="0"/><line number="124" hits="0"/><line number="128" hits="0"/><line number="135" hits="1"/><line number="141" hits="1"/><line number="143" hits="8"/><line number="144" hits="9"/><line number="149" hits="9"/><line number="150" hits="9"/><line number="153" hits="2"/><line number="154" hits="2"/><line number="159" hits="11"/><line number="166" hits="12"/><line number="170" hits="2"/><line number="171" hits="4"/><line number="172" hits="6"/><line number="174" hits="5"/><line number="176" hits="1"/><line number="178" hits="1"/><line number="179" hits="1"/><line number="180" hits="1"/><line number="181" hits="1"/><line number="182" hits="1"/><line number="183" hits="1"/><line number="198" hits="1"/><line number="205" hits="1"/><line number="207" hits="3"/><line number="208" hits="1"/><line number="209" hits="1"/><line number="210" hits="0"/><line number="213" hits="1"/><line number="216" hits="1"/><line number="218" hits="1"/><line number="223" hits="1"/><line number="228" hits="1"/><line number="229" hits="6"/><line number="232" hits="8"/><line number="234" hits="4"/><line number="235" hits="4"/><line number="239" hits="8"/><line number="240" hits="6"/><line number="242" hits="1"/><line number="249" hits="5"/><line number="257" hits="0"/><line number="265" hits="0"/><line number="266" hits="0"/><line number="267" hits="0"/><line number="270" hits="0"/><line number="271" hits="0"/><line number="275" hits="0"/><line number="276" hits="0"/><line number="278" hits="0"/><line number="281" hits="0"/><line number="282" hits="0"/><line number="283" hits="0"/><line number="284" hits="0"/><line number="286" hits="0"/><line number="289" hits="0"/><line number="291" hits="0"/><line number="292" hits="0"/><line number="294" hits="0"/><line number="298" hits="0"/><line number="301" hits="0"/><line number="302" hits="0"/><line number="306" hits="0"/><line number="307" hits="0"/><line number="308" hits="0"/><line number="311" hits="0"/><line number="312" hits="0"/><line number="313" hits="0"/><line number="314" hits="0"/><line number="316" hits="0"/><line number="319" hits="0"/><line number="321" hits="0"/><line number="322" hits="0"/><line number="324" hits="0"/><line number="328" hits="0"/><line number="331" hits="0"/><line number="332" hits="0"/><line number="333" hits="0"/><line number="334" hits="0"/><line number="336" hits="0"/><line number="337" hits="0"/><line number="340" hits="0"/><line number="341" hits="0"/><line number="342" hits="0"/><line number="343" hits="0"/><line number="346" hits="0"/><line number="349" hits="0"/><line number="350" hits="0"/><line number="351" hits="0"/><line number="356" hits="0"/><line number="359" hits="0"/><line number="360" hits="0"/><line number="361" hits="0"/><line number="364" hits="0"/><line number="367" hits="0"/><line number="368" hits="0"/><line number="369" hits="0"/><line number="370" hits="0"/><line number="373" hits="0"/><line number="378" hits="0"/><line number="379" hits="0"/><line number="380" hits="0"/><line number="381" hits="0"/><line number="385" hits="0"/><line number="386" hits="0"/><line number="387" hits="0"/><line number="388" hits="0"/><line number="392" hits="0"/><line number="393" hits="0"/><line number="394" hits="0"/><line number="395" hits="0"/><line number="402" hits="0"/><line number="409" hits="0"/><line number="410" hits="0"/><line number="412" hits="0"/><line number="415" hits="0"/><line number="416" hits="0"/><line number="417" hits="0"/><line number="418" hits="0"/><line number="420" hits="0"/><line number="421" hits="0"/><line number="423" hits="0"/><line number="424" hits="0"/><line number="425" hits="0"/><line number="426" hits="0"/><line number="428" hits="0"/><line number="429" hits="0"/><line number="435" hits="0"/><line number="436" hits="0"/><line number="440" hits="0"/><line number="442" hits="0"/><line number="443" hits="0"/><line number="445" hits="0"/><line number="446" hits="0"/><line number="447" hits="0"/><line number="448" hits="0"/><line number="450" hits="0"/><line number="451" hits="0"/><line number="456" hits="0"/><line number="457" hits="0"/><line number="458" hits="0"/><line number="459" hits="0"/><line number="460" hits="0"/><line number="461" hits="0"/><line number="462" hits="0"/><line number="464" hits="0"/><line number="466" hits="0"/><line number="468" hits="0"/><line number="471" hits="0"/><line number="481" hits="1"/><line number="482" hits="1"/></lines></class><class name="mod" filename="src/commands/mod.rs" line-rate="0" branch-rate="0" complexity="0"><methods/><lines><line number="24" hits="0"/><line number="25" hits="0"/><line number="26" hits="0"/><line number="27" hits="0"/><line number="28" hits="0"/><line number="29" hits="0"/><line number="31" hits="0"/><line number="32" hits="0"/><line number="36" hits="0"/><line number="37" hits="0"/></lines></class><class name="restore" filename="src/commands/restore.rs" line-rate="0" branch-rate="0" complexity="0"><methods/><lines><line number="66" hits="0"/><line number="73" hits="0"/><line number="74" hits="0"/></lines></class><class name="template" filename="src/commands/template.rs" line-rate="0.6081081081081081" branch-rate="0" complexity="0"><methods/><lines><line number="125" hits="0"/><line number="128" hits="0"/><line number="129" hits="0"/><line number="133" hits="0"/><line number="134" hits="0"/><line number="135" hits="0"/><line number="136" hits="0"/><line number="138" hits="0"/><line number="141" hits="0"/><line number="147" hits="0"/><li
[...]
r="530" hits="6"/><line number="531" hits="2"/><line number="532" hits="0"/><line number="533" hits="2"/><line number="534" hits="2"/><line number="535" hits="2"/><line number="536" hits="2"/><line number="537" hits="0"/><line number="538" hits="0"/><line number="539" hits="0"/><line number="541" hits="0"/><line number="544" hits="1"/><line number="553" hits="3"/><line number="555" hits="9"/><line number="556" hits="12"/><line number="558" hits="12"/><line number="559" hits="13"/><line number="560" hits="4"/><line number="561" hits="13"/><line number="562" hits="8"/><line number="565" hits="8"/><line number="566" hits="3"/><line number="578" hits="9"/><line number="586" hits="4"/><line number="587" hits="1"/><line number="589" hits="1"/><line number="593" hits="9"/><line number="594" hits="14"/><line number="596" hits="4"/><line number="597" hits="8"/><line number="598" hits="12"/><line number="602" hits="4"/><line number="605" hits="1"/><line number="606" hits="6"/><line number="608" hits="3"/><line number="609" hits="1"/><line number="611" hits="2"/><line number="615" hits="3"/><line number="616" hits="1"/><line number="617" hits="3"/><line number="618" hits="3"/><line number="620" hits="3"/><line number="621" hits="1"/><line number="624" hits="1"/><line number="626" hits="1"/><line number="633" hits="2"/><line number="636" hits="3"/><line number="639" hits="2"/><line number="640" hits="0"/><line number="642" hits="0"/><line number="646" hits="2"/><line number="647" hits="0"/><line number="648" hits="0"/><line number="649" hits="0"/><line number="651" hits="0"/><line number="652" hits="0"/><line number="661" hits="1"/><line number="662" hits="1"/><line number="669" hits="0"/><line number="674" hits="4"/></lines></class></classes></package><package name="src/schema" line-rate="0.6287425149700598" branch-rate="0" complexity="0"><classes><class name="formatter" filename="src/schema/formatter.rs" line-rate="0.6990291262135923" branch-rate="0" complexity="0"><methods/><lines><line number="9" hits="1"/><line number="10" hits="1"/><line number="13" hits="1"/><line number="14" hits="2"/><line number="15" hits="1"/><line number="16" hits="2"/><line number="18" hits="1"/><line number="22" hits="1"/><line number="36" hits="1"/><line number="37" hits="3"/><line number="38" hits="1"/><line number="39" hits="1"/><line number="40" hits="3"/><line number="44" hits="2"/><line number="46" hits="1"/><line number="47" hits="2"/><line number="48" hits="0"/><line number="52" hits="3"/><line number="53" hits="2"/><line number="54" hits="4"/><line number="56" hits="2"/><line number="57" hits="2"/><line number="58" hits="2"/><line number="60" hits="2"/><line number="61" hits="1"/><line number="62" hits="1"/><line number="66" hits="2"/><line number="70" hits="1"/><line number="71" hits="4"/><line number="74" hits="2"/><line number="78" hits="1"/><line number="82" hits="0"/><line number="83" hits="0"/><line number="86" hits="0"/><line number="87" hits="0"/><line number="88" hits="0"/><line number="89" hits="0"/><line number="91" hits="0"/><line number="95" hits="0"/><line number="108" hits="0"/><line number="109" hits="0"/><line number="110" hits="0"/><line number="111" hits="0"/><line number="112" hits="0"/><line number="115" hits="0"/><line number="116" hits="0"/><line number="117" hits="0"/><line number="118" hits="0"/><line number="121" hits="0"/><line number="122" hits="0"/><line number="123" hits="0"/><line number="125" hits="0"/><line number="126" hits="0"/><line number="127" hits="0"/><line number="130" hits="0"/><line number="131" hits="0"/><line number="132" hits="0"/><line number="138" hits="0"/><line number="142" hits="1"/><line number="143" hits="1"/><line number="145" hits="1"/><line number="146" hits="2"/><line number="147" hits="1"/><line number="148" hits="2"/><line number="150" hits="1"/><line number="154" hits="1"/><line number="155" hits="2"/><line number="157" hits="2"/><line number="158" hits="1"/><line number="159" hits="2"/><line number="160" hits="0"/><line number="163" hits="3"/><line number="164" hits="1"/><line number="165" hits="4"/><line number="167" hits="2"/><line number="168" hits="2"/><line number="169" hits="2"/><line number="171" hits="2"/><line number="176" hits="2"/><line number="178" hits="1"/><line number="181" hits="1"/><line number="185" hits="1"/><line number="186" hits="1"/><line number="189" hits="1"/><line number="190" hits="3"/><line number="191" hits="1"/><line number="192" hits="1"/><line number="193" hits="1"/><line number="194" hits="1"/><line number="195" hits="0"/><line number="197" hits="1"/><line number="200" hits="2"/><line number="201" hits="2"/><line number="208" hits="3"/><line number="210" hits="2"/><line number="211" hits="1"/><line number="213" hits="1"/><line number="214" hits="2"/><line number="217" hits="2"/><line number="222" hits="1"/><line number="223" hits="1"/><line number="224" hits="3"/><line number="225" hits="0"/></lines></class><class name="loader" filename="src/schema/loader.rs" line-rate="0.42857142857142855" branch-rate="0" complexity="0"><methods/><lines><line number="17" hits="7"/><line number="22" hits="10"/><line number="23" hits="3"/><line number="24" hits="3"/><line number="29" hits="13"/><line number="34" hits="0"/><line number="37" hits="0"/><line number="40" hits="0"/><line number="44" hits="3"/><line number="45" hits="3"/><line number="48" hits="4"/><line number="51" hits="4"/><line number="52" hits="8"/><line number="53" hits="8"/><line number="54" hits="8"/><line number="55" hits="8"/><line number="56" hits="8"/><line number="57" hits="6"/><line number="58" hits="6"/><line number="59" hits="12"/><line number="63" hits="1"/><line number="67" hits="1"/><line number="68" hits="1"/><line number="69" hits="1"/><line number="70" hits="1"/><line number="74" hits="3"/><line number="75" hits="3"/><line number="79" hits="0"/><line number="80" hits="0"/><line number="82" hits="0"/><line number="85" hits="0"/><line number="90" hits="0"/><line number="91" hits="0"/><line number="92" hits="0"/><line number="95" hits="0"/><line number="96" hits="0"/><line number="97" hits="0"/><line number="98" hits="0"/><line number="99" hits="0"/><line number="101" hits="0"/><line number="106" hits="0"/><line number="107" hits="0"/><line number="109" hits="0"/><line number="112" hits="0"/><line number="116" hits="0"/><line number="120" hits="0"/><line number="122" hits="0"/><line number="125" hits="0"/><line number="127" hits="0"/><line number="128" hits="0"/><line number="131" hits="0"/><line number="135" hits="0"/><line number="139" hits="0"/><line number="144" hits="0"/><line number="145" hits="0"/><line number="146" hits="0"/></lines></class><class name="query" filename="src/schema/query.rs" line-rate="0.6730769230769231" branch-rate="0" complexity="0"><methods/><lines><line number="6" hits="2"/><line number="7" hits="4"/><line number="8" hits="0"/><line number="10" hits="2"/><line number="12" hits="2"/><line number="14" hits="6"/><line number="15" hits="2"/><line number="16" hits="2"/><line number="17" hits="2"/><line number="18" hits="2"/><line number="19" hits="2"/><line number="20" hits="2"/><line number="21" hits="2"/><line number="22" hits="2"/><line number="24" hits="5"/><line number="25" hits="2"/><line number="26" hits="3"/><line number="27" hits="1"/><line number="28" hits="2"/><line number="30" hits="1"/><line number="31" hits="3"/><line number="33" hits="2"/><line number="38" hits="3"/><line number="39" hits="1"/><line number="43" hits="0"/><line number="44" hits="0"/><line number="45" hits="0"/><line number="47" hits="0"/><line number="48" hits="0"/><line number="51" hits="0"/><line number="53" hits="0"/><line number="55" hits="0"/><line number="56" hits="0"/><line number="57" hits="0"/><line number="58" hits="0"/><line number="60" hits="0"/><line number="61" hits="0"/><line number="62" hits="0"/><line number="68" hits="1"/><line number="69" hits="2"/><line number="70" hits="0"/><line number="73" hits="1"/><line number="76" hits="5"/><line number="77" hits="3"/><line number="82" hits="1"/><line number="83" hits="2"/><line number="84" hits="0"/><line number="87" hits="1"/><line number="90" hits="3"/><line number="92" hits="2"/><line number="93" hits="1"/><line number="94" hits="1"/></lines></class><class name="resolver" filename="src/schema/resolver.rs" line-rate="0.6422764227642277" branch-rate="0" complexity="0"><methods/><lines><line number="13" hits="3"/><line number="14" hits="3"/><line number="15" hits="3"/><line number="18" hits="6"/><line number="19" hits="6"/><line number="20" hits="3"/><line number="25" hits="4"/><line number="26" hits="4"/><line number="27" hits="2"/><line number="32" hits="2"/><line number="33" hits="4"/><line number="34" hits="2"/><line number="38" hits="3"/><line number="42" hits="0"/><line number="48" hits="0"/><line number="49" hits="0"/><line number="52" hits="0"/><line number="53" hits="0"/><line number="54" hits="0"/><line number="59" hits="0"/><line number="60" hits="0"/><line number="61" hits="0"/><line number="66" hits="0"/><line number="67" hits="0"/><line number="68" hits="0"/><line number="72" hits="0"/><line number="76" hits="1"/><line number="77" hits="1"/><line number="78" hits="1"/><line number="79" hits="1"/><line number="83" hits="1"/><line number="88" hits="1"/><line number="89" hits="1"/><line number="90" hits="1"/><line number="94" hits="3"/><line number="99" hits="6"/><line number="100" hits="8"/><line number="101" hits="2"/><line number="102" hits="10"/><line number="104" hits="10"/><line number="105" hits="6"/><line number="106" hits="10"/><line number="107" hits="8"/><line number="108" hits="16"/><line number="110" hits="4"/><line number="113" hits="4"/><line number="120" hits="2"/><line number="121" hits="2"/><line number="124" hits="2"/><line number="126" hits="5"/><line number="127" hits="4"/><line number="129" hits="6"/><line number="130" hits="10"/><line number="131" hits="6"/><line number="133" hits="6"/><line number="134" hits="3"/><line number="135" hits="7"/><line number="136" hits="4"/><line number="137" hits="3"/><line number="138" hits="7"/><line number="139" hits="4"/><line number="145" hits="2"/><line number="150" hits="5"/><line number="153" hits="5"/><line number="155" hits="5"/><line number="156" hits="2"/><line number="158" hits="5"/><line number="159" hits="10"/><line number="160" hits="6"/><line number="162" hits="6"/><line number="163" hits="2"/><line number="164" hits="8"/><line number="165" hits="5"/><line number="166" hits="2"/><line number="168" hits="5"/><line number="174" hits="4"/><line number="175" hits="4"/><line number="177" hits="13"/><line number="178" hits="2"/><line number="179" hits="5"/><line number="180" hits="8"/><line number="181" hits="4"/><line number="182" hits="4"/><line number="184" hits="2"/><line number="185" hits="4"/><line number="186" hits="0"/><line number="187" hits="7"/><line number="188" hits="0"/><line number="189" hits="4"/><line number="190" hits="5"/><line number="191" hits="2"/><line number="193" hits="2"/><line number="194" hits="4"/><line number="195" hits="0"/><line number="197" hits="2"/><line number="202" hits="0"/><line number="203" hits="0"/><line number="204" hits="0"/><line number="205" hits="0"/><line number="207" hits="0"/><line number="208" hits="0"/><line number="209" hits="0"/><line number="210" hits="0"/><line number="211" hits="0"/><line number="212" hits="0"/><line number="214" hits="0"/><line number="215" hits="0"/><line number="216" hits="0"/><line number="217" hits="0"/><line number="219" hits="0"/><line number="220" hits="0"/><line number="221" hits="0"/><line number="222" hits="0"/><line number="224" hits="0"/><line number="225" hits="0"/><line number="226" hits="0"/><line number="227" hits="0"/><line number="229" hits="0"/><line number="230" hits="0"/><line number="231" hits="0"/><line number="232" hits="0"/><line number="234" hits="0"/><line number="236" hits="0"/></lines></class></classes></package><package name="src/commands/add" line-rate="0.37398373983739835" branch-rate="0" complexity="0"><classes><class name="blueprint" filename="src/commands/add/blueprint.rs" line-rate="0.6976744186046512" branch-rate="0" complexity="0"><methods/><lines><line number="15" hits="1"/><line number="17" hits="1"/><line number="22" hits="1"/><line number="23" hits="0"/><line number="32" hits="1"/><line number="36" hits="1"/><line number="37" hits="2"/><line number="38" hits="2"/><line number="39" hits="2"/><line number="41" hits="0"/><line number="45" hits="2"/><line number="46" hits="1"/><line number="48" hits="1"/><line number="50" hits="2"/><line number="51" hits="1"/><line number="52" hits="2"/><line number="60" hits="1"/><line number="64" hits="1"/><line number="65" hits="0"/><line number="66" hits="0"/><line number="68" hits="0"/><line number="70" hits="0"/><line number="71" hits="0"/><line number="75" hits="0"/><line number="76" hits="0"/><line number="80" hits="0"/><line number="81" hits="0"/><line number="82" hits="0"/><line number="87" hits="2"/><line number="88" hits="0"/><line number="90" hits="1"/><line number="91" hits="2"/><line number="92" hits="2"/><line number="94" hits="1"/><line number="97" hits="2"/><line number="98" hits="2"/><line number="99" hits="2"/><line number="102" hits="2"/><line number="104" hits="1"/><line number="105" hits="1"/><line number="112" hits="1"/><line number="113" hits="1"/><line number="120" hits="1"/></lines></class><class name="custom" filename="src/commands/add/custom.rs" line-rate="0" branch-rate="0" complexity="0"><methods/><lines><line number="12" hits="0"/><line number="18" hits="0"/><line number="20" hits="0"/><line number="24" hits="0"/><line number="29" hits="0"/><line number="34" hits="0"/><line number="36" hits="0"/><line number="40" hits="0"/><line number="41" hits="0"/><line number="43" hits="0"/><line number="48" hits="0"/><line number="49" hits="0"/><line number="51" hits="0"/><line number="56" hits="0"/><line number="57" hits="0"/><line number="59" hits="0"/><line number="67" hits="0"/><line number="72" hits="0"/><line number="73" hits="0"/><line number="75" hits="0"/><line number="77" hits="0"/><line number="79" hits="0"/><line number="84" hits="0"/><line number="85" hits="0"/><line number="87" hits="0"/><line number="94" hits="0"/><line number="95" hits="0"/><line number="96" hits="0"/><line number="98" hits="0"/><line number="99" hits="0"/><line number="100" hits="0"/><line number="103" hits="0"/><line number="105" hits="0"/><line number="106" hits="0"/><line number="111" hits="0"/><line number="117" hits="0"/><line number="118" hits="0"/><line number="119" hits="0"/><line number="123" hits="0"/><line number="124" hits="0"/><line number="125" hits="0"/><line number="126" hits="0"/><line number="128" hits="0"/><line number="129" hits="0"/><line number="131" hits="0"/><line number="133" hits="0"/><line number="139" hits="0"/><line number="140" hits="0"/><line number="141" hits="0"/><line number="144" hits="0"/><line number="146" hits="0"/><line number="149" hits="0"/><line number="151" hits="0"/><line number="154" hits="0"/><line number="155" hits="0"/><line number="159" hits="0"/><line number="160" hits="0"/><line number="165" hits="0"/><line number="166" hits="0"/><line number="167" hits="0"/><line number="174" hits="0"/><line number="184" hits="0"/><line number="186" hits="0"/></lines></class><class name="framework" filename="src/commands/add/framework.rs" line-rate="0.7647058823529411" branch-rate="0" complexity="0"><methods/><lines><line number="12" hits="1"/><line number="20" hits="1"/><line number="21" hits="2"/><line number="24" hits="1"/><line number="26" hits="1"/><line number="27" hits="1"/><line number="28" hits="1"/><line number="29" hits="1"/><line number="33" hits="2"/><line number="37" hits="1"/><line number="39" hits="1"/><line number="40" hits="1"/><line number="41" hits="1"/><line number="42" hits="1"/><line number="45" hits="1"/><line number="46" hits="0"/><line number="55" hits="2"/><line number="59" hits="2"/><line number="60" hits="1"/><line number="63" hits="1"/><line number="64" hits="0"/><line number="65" hits="0"/><line number="67" hits="0"/><line number="68" hits="0"/><line number="73" hits="0"/><line number="74" hits="0"/><line number="75" hits="0"/><line number="80" hits="2"/><line number="81" hits="1"/><line number="83" hits="2"/><line number="85" hits="2"/><line number="90" hits="1"/><line number="95" hits="2"/><line number="102" hits="1"/></lines></class><class name="mod" filename="src/commands/add/mod.rs" line-rate="0" branch-rate="0" complexity="0"><methods/><lines><line number="23" hits="0"/><line number="29" hits="0"/><line number="36" hits="0"/><line number="38" hits="0"/><line number="39" hits="0"/><line number="42" hits="0"/><line number="44" hits="0"/><line number="48" hits="0"/><line number="50" hits="0"/><line number="51" hits="0"/><line number="54" hits="0"/><line number="59" hits="0"/><line number="60" hits="0"/><line number="66" hits="0"/></lines></class><class name="service" filename="src/commands/add/service.rs" line-rate="0" branch-rate="0" complexity="0"><methods/><lines><line number="11" hits="0"/><line number="12" hits="0"/><line number="15" hits="0"/><line number="19" hits="0"/><line number="25" hits="0"/><line number="31" hits="0"/><line number="32" hits="0"/><line number="33" hits="0"/><line number="37" hits="0"/><line number="38" hits="0"/><line number="39" hits="0"/><line number="41" hits="0"/><line number="46" hits="0"/><line number="47" hits="0"/><line number="48" hits="0"/><line number="53" hits="0"/><line number="56" hits="0"/><line number="58" hits="0"/><line number="59" hits="0"/><line number="62" hits="0"/><line number="63" hits="0"/><line number="65" hits="0"/><line number="72" hits="0"/><line number="74" hits="0"/><line number="76" hits="0"/><line number="77" hits="0"/><line number="82" hits="0"/><line number="83" hits="0"/><line number="84" hits="0"/><line number="86" hits="0"/><line number="88" hits="0"/><line number="89" hits="0"/><line number="90" hits="0"/><line number="92" hits="0"/><line number="98" hits="0"/><line number="99" hits="0"/><line number="100" hits="0"/><line number="103" hits="0"/></lines></class><class name="shared" filename="src/commands/add/shared.rs" line-rate="0.6666666666666666" branch-rate="0" complexity="0"><methods/><lines><line number="31" hits="1"/><line number="32" hits="1"/><line number="35" hits="2"/><line number="36" hits="2"/><line number="39" hits="1"/><line number="44" hits="1"/><line number="45" hits="1"/><line number="46" hits="1"/><line number="49" hits="1"/><line number="50" hits="1"/><line number="51" hits="2"/><line number="52" hits="1"/><line number="53" hits="1"/><line number="54" hits="1"/><line number="55" hits="1"/><line number="62" hits="1"/><line number="66" hits="1"/><line number="72" hits="1"/><line number="73" hits="1"/><line number="76" hits="2"/><line number="77" hits="2"/><line number="79" hits="1"/><line number="82" hits="2"/><line number="84" hits="2"/><line number="87" hits="2"/><line number="89" hits="1"/><line number="90" hits="0"/><line number="98" hits="0"/><line number="100" hits="0"/><line number="101" hits="0"/><line number="106" hits="2"/><line number="107" hits="0"/><line number="110" hits="0"/><line number="112" hits="0"/><line number="114" hits="0"/><line number="116" hits="0"/><line number="117" hits="0"/><line number="118" hits="0"/><line number="119" hits="0"/><line number="120" hits="0"/><line number="122" hits="0"/><line number="128" hits="0"/><line number="129" hits="0"/><line number="131" hits="0"/><line number="132" hits="0"/><line number="140" hits="1"/><line number="144" hits="1"/><line number="151" hits="1"/><line number="153" hits="1"/><line number="154" hits="2"/><line number="157" hits="2"/><line number="159" hits="1"/><line number="160" hits="1"/><line number="163" hits="2"/></lines></class></classes></package></packages></coverage>